<?xml version="1.0" encoding="UTF-8"?>
<!-- Generated by org.testng.reporters.JUnitReportReporter -->
<testsuite hostname="DESKTOP-1RLTEAV" failures="0" tests="1" name="driverFactory.AdminLoginValidaData" time="21.141" errors="0" timestamp="2025-03-26T09:23:57 IST" skipped="0">
  <testcase classname="driverFactory.AdminLoginValidaData" name="startTest" time="21.141">
    <system-out>
      <![CDATA[No of rows are::7]]>
    </system-out>
  </testcase> <!-- startTest -->
  <system-out>
    <![CDATA[No of rows are::7
No of rows are::7
invalid credentials
invalid credentials
username cannot be empty
invalid credentials
invalid credentials
username cannot be empty
username cannot be empty]]>
  </system-out>
</testsuite> <!-- driverFactory.AdminLoginValidaData -->
